<?xml version="1.0" encoding="UTF-8"?>
<!-- Generated by org.testng.reporters.JUnitReportReporter -->
<testsuite hostname="Dell-PC" failures="0" tests="1" name="com.datadriven.test.ExcelDataDriven" time="4.151" errors="0" timestamp="06 Sep 2020 13:50:50 GMT" skipped="0">
  <testcase classname="com.datadriven.test.ExcelDataDriven" name="test1" time="4.151"/>
</testsuite> <!-- com.datadriven.test.ExcelDataDriven -->
