<?xml version="1.0" encoding="UTF-8"?>
<!-- Generated by org.testng.reporters.JUnitReportReporter -->
<testsuite hostname="Dell-PC" failures="0" tests="3" name="com.datadriven.test.ReadExcelDataConfiglogin" time="48.673" errors="0" timestamp="07 Sep 2020 09:30:31 GMT" skipped="0">
  <testcase classname="com.datadriven.test.ReadExcelDataConfiglogin" name="logintowordpress" time="9.968"/>
  <testcase classname="com.datadriven.test.ReadExcelDataConfiglogin" name="logintowordpress" time="11.812"/>
  <testcase classname="com.datadriven.test.ReadExcelDataConfiglogin" name="logintowordpress" time="26.893"/>
</testsuite> <!-- com.datadriven.test.ReadExcelDataConfiglogin -->
