<?xml version="1.0" encoding="UTF-8"?>
<!-- Generated by org.testng.reporters.JUnitReportReporter -->
<testsuite hostname="Dell-PC" failures="0" tests="1" name="Com.qa.hubspot.Test.LoginPageTest" time="101.810" errors="0" timestamp="14 Sep 2020 17:19:17 GMT" skipped="0">
  <testcase classname="Com.qa.hubspot.Test.LoginPageTest" name="verifyLoginTitleTest" time="101.810"/>
</testsuite> <!-- Com.qa.hubspot.Test.LoginPageTest -->
